Mono path[0] = 'D:/Games/RimWorld.v1.4.3580/RimWorldWin64_Data/Managed'
Mono config path = 'D:/Games/RimWorld.v1.4.3580/MonoBleedingEdge/etc'
Initialize engine version: 2019.4.30f1 (e8c891080a1f)
[Subsystems] Discovering subsystems at path D:/Games/RimWorld.v1.4.3580/RimWorldWin64_Data/UnitySubsystems
GfxDevice: creating device client; threaded=1
Direct3D:
    Version:  Direct3D 11.0 [level 11.1]
    Renderer: NVIDIA GeForce MX230 (ID=0x1d11)
    Vendor:   
    VRAM:     1982 MB
    Driver:   31.0.15.2756
Begin MonoManager ReloadAssembly
- Completed reload, in  0.091 seconds
<RI> Initializing input.
<RI> Input initialized.
<RI> Initialized touch support.
UnloadTime: 0.840000 ms
RimWorld 1.4.3580 rev14
Fallback handler could not load library D:/Games/RimWorld.v1.4.3580/RimWorldWin64_Data/Mono/data-0000023292CA91D0.dll
Fallback handler could not load library D:/Games/RimWorld.v1.4.3580/RimWorldWin64_Data/Mono/data-00000232899138F0.dll
Fallback handler could not load library D:/Games/RimWorld.v1.4.3580/RimWorldWin64_Data/Mono/data-0000023292DC8400.dll
Fallback handler could not load library D:/Games/RimWorld.v1.4.3580/RimWorldWin64_Data/Mono/data-0000023292E0AA20.dll
Fallback handler could not load library D:/Games/RimWorld.v1.4.3580/RimWorldWin64_Data/Mono/data-0000023292BAAFD0.dll
Fallback handler could not load library D:/Games/RimWorld.v1.4.3580/RimWorldWin64_Data/Mono/data-0000023292BAFFE0.dll
Fallback handler could not load library D:/Games/RimWorld.v1.4.3580/RimWorldWin64_Data/Mono/data-0000023262236B90.dll
Fallback handler could not load library D:/Games/RimWorld.v1.4.3580/RimWorldWin64_Data/Mono/data-0000023292E1FC60.dll
Fallback handler could not load library D:/Games/RimWorld.v1.4.3580/RimWorldWin64_Data/Mono/data-0000023292E44670.dll
Fallback handler could not load library D:/Games/RimWorld.v1.4.3580/RimWorldWin64_Data/Mono/data-0000023292B55F40.dll
Fallback handler could not load library D:/Games/RimWorld.v1.4.3580/RimWorldWin64_Data/Mono/data-0000023261CEE030.dll
Fallback handler could not load library D:/Games/RimWorld.v1.4.3580/RimWorldWin64_Data/Mono/data-0000023292E93A90.dll
Fallback handler could not load library D:/Games/RimWorld.v1.4.3580/RimWorldWin64_Data/Mono/data-0000023292EB2CB0.dll
Fallback handler could not load library D:/Games/RimWorld.v1.4.3580/RimWorldWin64_Data/Mono/data-0000023292ECD2C0.dll
Fallback handler could not load library D:/Games/RimWorld.v1.4.3580/RimWorldWin64_Data/Mono/data-0000023292ED90F0.dll
Fallback handler could not load library D:/Games/RimWorld.v1.4.3580/RimWorldWin64_Data/Mono/data-0000023292EDA700.dll
Fallback handler could not load library D:/Games/RimWorld.v1.4.3580/RimWorldWin64_Data/Mono/data-0000023292EDBD10.dll
Fallback handler could not load library D:/Games/RimWorld.v1.4.3580/RimWorldWin64_Data/Mono/data-000002328A6144C0.dll
Fallback handler could not load library D:/Games/RimWorld.v1.4.3580/RimWorldWin64_Data/Mono/data-0000023292EF8540.dll
Fallback handler could not load library D:/Games/RimWorld.v1.4.3580/RimWorldWin64_Data/Mono/data-000002328A6220F0.dll
Fallback handler could not load library D:/Games/RimWorld.v1.4.3580/RimWorldWin64_Data/Mono/data-000002328A628D10.dll
Fallback handler could not load library D:/Games/RimWorld.v1.4.3580/RimWorldWin64_Data/Mono/data-0000023293021010.dll
Fallback handler could not load library D:/Games/RimWorld.v1.4.3580/RimWorldWin64_Data/Mono/data-00000232930C7020.dll
Fallback handler could not load library D:/Games/RimWorld.v1.4.3580/RimWorldWin64_Data/Mono/data-000002329329A040.dll
Fallback handler could not load library D:/Games/RimWorld.v1.4.3580/RimWorldWin64_Data/Mono/data-000002329354D100.dll
[HugsLib] version 10.0.1
Fallback handler could not load library D:/Games/RimWorld.v1.4.3580/RimWorldWin64_Data/Mono/data-0000023293F70C70.dll
Error while instantiating a mod of type VFECore.VFECore: System.Reflection.TargetInvocationException: Exception has been thrown by the target of an invocation. ---> HarmonyLib.HarmonyException: Patching exception in method static System.Void RimWorld.GeneUIUtility::DrawGeneBasics(Verse.GeneDef gene, UnityEngine.Rect geneRect, RimWorld.GeneType geneType, System.Boolean doBackground, System.Boolean clickable, System.Boolean overridden) ---> System.FormatException: Method static System.Void RimWorld.GeneUIUtility::DrawGeneBasics(Verse.GeneDef gene, UnityEngine.Rect geneRect, RimWorld.GeneType geneType, System.Boolean doBackground, System.Boolean clickable, System.Boolean overridden) cannot be patched. Reason: Invalid IL code in (wrapper dynamic-method) RimWorld.GeneUIUtility:RimWorld.GeneUIUtility.DrawGeneBasics_Patch0 (Verse.GeneDef,UnityEngine.Rect,RimWorld.GeneType,bool,bool,bool): IL_00ce: stloc.s   4


  at HarmonyLib.PatchFunctions.UpdateWrapper (System.Reflection.MethodBase original, HarmonyLib.PatchInfo patchInfo) [0x0008c] in <255414689d344b1385ae719f6cce8c55>:0 
  at HarmonyLib.PatchClassProcessor.ProcessPatchJob (HarmonyLib.PatchJobs`1+Job[T] job) [0x000bb] in <255414689d344b1385ae719f6cce8c55>:0 
   --- End of inner exception stack trace ---
  at HarmonyLib.PatchClassProcessor.ReportException (System.Exception exception, System.Reflection.MethodBase original) [0x0010f] in <255414689d344b1385ae719f6cce8c55>:0 
  at HarmonyLib.PatchClassProcessor.Patch () [0x00093] in <255414689d344b1385ae719f6cce8c55>:0 
  at HarmonyLib.Harmony.<PatchAll>b__10_0 (System.Type type) [0x00007] in <255414689d344b1385ae719f6cce8c55>:0 
  at HarmonyLib.CollectionExtensions.Do[T] (System.Collections.Generic.IEnumerable`1[T] sequence, System.Action`1[T] action) [0x00014] in <255414689d344b1385ae719f6cce8c55>:0 
  at HarmonyLib.Harmony.PatchAll (System.Reflection.Assembly assembly) [0x00006] in <255414689d344b1385ae719f6cce8c55>:0 
  at HarmonyLib.Harmony.PatchAll () [0x0001b] in <255414689d344b1385ae719f6cce8c55>:0 
  at VFECore.VFECore..ctor (Verse.ModContentPack content) [0x00018] in <be6152ed7282410493918ccc7b3212c0>:0 
  at (wrapper managed-to-native) System.Reflection.MonoCMethod.InternalInvoke(System.Reflection.MonoCMethod,object,object[],System.Exception&)
  at System.Reflection.MonoCMethod.InternalInvoke (System.Object obj, System.Object[] parameters) [0x00002] in <eae584ce26bc40229c1b1aa476bfa589>:0 
   --- End of inner exception stack trace ---
  at System.Reflection.MonoCMethod.InternalInvoke (System.Object obj, System.Object[] parameters) [0x00014] in <eae584ce26bc40229c1b1aa476bfa589>:0 
  at System.Reflection.MonoCMethod.DoInvoke (System.Object obj, System.Reflection.BindingFlags invokeAttr, System.Reflection.Binder binder, System.Object[] parameters, System.Globalization.CultureInfo culture) [0x0007a] in <eae584ce26bc40229c1b1aa476bfa589>:0 
  at System.Reflection.MonoCMethod.Invoke (System.Reflection.BindingFlags invokeAttr, System.Reflection.Binder binder, System.Object[] parameters, System.Globalization.CultureInfo culture) [0x00000] in <eae584ce26bc40229c1b1aa476bfa589>:0 
  at System.RuntimeType.CreateInstanceImpl (System.Reflection.BindingFlags bindingAttr, System.Reflection.Binder binder, System.Object[] args, System.Globalization.CultureInfo culture, System.Object[] activationAttributes, System.Threading.StackCrawlMark& stackMark) [0x00213] in <eae584ce26bc40229c1b1aa476bfa589>:0 
  at System.Activator.CreateInstance (System.Type type, System.Reflection.BindingFlags bindingAttr, System.Reflection.Binder binder, System.Object[] args, System.Globalization.CultureInfo culture, System.Object[] activationAttributes) [0x00095] in <eae584ce26bc40229c1b1aa476bfa589>:0 
  at System.Activator.CreateInstance (System.Type type, System.Object[] args) [0x00000] in <eae584ce26bc40229c1b1aa476bfa589>:0 
  at Verse.LoadedModManager.CreateModClasses () [0x00076] in <d3a3176d655247a18e80a754cf2aa235>:0  
(Filename: C:\buildslave\unity\build\Runtime/Export/Debug/Debug.bindings.h Line: 39)

MVCF successfully applied 0 patches
[UnlimitedHugs.HugsLib] Patches on methods annotated as Obsolete were detected by HugsLib: Verse.Game.DeinitAndRemoveMap 
(Filename: C:\buildslave\unity\build\Runtime/Export/Debug/Debug.bindings.h Line: 39)

[OskarPotocki.VanillaPsycastsExpanded] Patches on methods annotated as Obsolete were detected by HugsLib: Verse.MapDeiniter.Deinit 
(Filename: C:\buildslave\unity\build\Runtime/Export/Debug/Debug.bindings.h Line: 39)

Unloading 5 Unused Serialized files (Serialized files now loaded: 3)
UnloadTime: 11.332400 ms

Unloading 197 unused Assets to reduce memory usage. Loaded Objects now: 21848.
Total: 493.768600 ms (FindLiveObjects: 2.536900 ms CreateObjectMapping: 4.071900 ms MarkObjects: 485.238500 ms  DeleteObjects: 1.920900 ms)

Loading game from file New Arrivals1 with mods:
  - brrainz.harmony
  - Ludeon.RimWorld
  - Ludeon.RimWorld.Royalty
  - Ludeon.RimWorld.Ideology
  - Ludeon.RimWorld.Biotech
  - UnlimitedHugs.HugsLib
  - OskarPotocki.VanillaFactionsExpanded.Core
  - VanillaExpanded.VARME
  - VanillaExpanded.VFESecurity
  - VanillaExpanded.VPsycastsE
  - VanillaExpanded.VTEXE
  - VanillaExpanded.VWE
Could not load reference to Verse.ThingDef named Psytrainer_Painblock 
(Filename: C:\buildslave\unity\build\Runtime/Export/Debug/Debug.bindings.h Line: 39)

Could not load reference to Verse.ThingDef named Psytrainer_Stun 
(Filename: C:\buildslave\unity\build\Runtime/Export/Debug/Debug.bindings.h Line: 39)

Could not load reference to Verse.ThingDef named Psytrainer_Burden 
(Filename: C:\buildslave\unity\build\Runtime/Export/Debug/Debug.bindings.h Line: 39)

Could not load reference to Verse.ThingDef named Psytrainer_BlindingPulse 
(Filename: C:\buildslave\unity\build\Runtime/Export/Debug/Debug.bindings.h Line: 39)

Could not load reference to Verse.ThingDef named Psytrainer_EntropyDump 
(Filename: C:\buildslave\unity\build\Runtime/Export/Debug/Debug.bindings.h Line: 39)

Could not load reference to Verse.ThingDef named Psytrainer_Beckon 
(Filename: C:\buildslave\unity\build\Runtime/Export/Debug/Debug.bindings.h Line: 39)

Could not load reference to Verse.ThingDef named Psytrainer_VertigoPulse 
(Filename: C:\buildslave\unity\build\Runtime/Export/Debug/Debug.bindings.h Line: 39)

Could not load reference to Verse.ThingDef named Psytrainer_ChaosSkip 
(Filename: C:\buildslave\unity\build\Runtime/Export/Debug/Debug.bindings.h Line: 39)

Could not load reference to Verse.ThingDef named Psytrainer_Skip 
(Filename: C:\buildslave\unity\build\Runtime/Export/Debug/Debug.bindings.h Line: 39)

Could not load reference to Verse.ThingDef named Psytrainer_Wallraise 
(Filename: C:\buildslave\unity\build\Runtime/Export/Debug/Debug.bindings.h Line: 39)

Could not load reference to Verse.ThingDef named Psytrainer_Smokepop 
(Filename: C:\buildslave\unity\build\Runtime/Export/Debug/Debug.bindings.h Line: 39)

Could not load reference to Verse.ThingDef named Psytrainer_Focus 
(Filename: C:\buildslave\unity\build\Runtime/Export/Debug/Debug.bindings.h Line: 39)

Could not load reference to Verse.ThingDef named Psytrainer_Berserk 
(Filename: C:\buildslave\unity\build\Runtime/Export/Debug/Debug.bindings.h Line: 39)

Could not load reference to Verse.ThingDef named Psytrainer_Invisibility 
(Filename: C:\buildslave\unity\build\Runtime/Export/Debug/Debug.bindings.h Line: 39)

Could not load reference to Verse.ThingDef named Psytrainer_BerserkPulse 
(Filename: C:\buildslave\unity\build\Runtime/Export/Debug/Debug.bindings.h Line: 39)

Could not load reference to Verse.ThingDef named Psytrainer_ManhunterPulse 
(Filename: C:\buildslave\unity\build\Runtime/Export/Debug/Debug.bindings.h Line: 39)

Could not load reference to Verse.ThingDef named Psytrainer_MassChaosSkip 
(Filename: C:\buildslave\unity\build\Runtime/Export/Debug/Debug.bindings.h Line: 39)

Could not load reference to Verse.ThingDef named Psytrainer_Waterskip 
(Filename: C:\buildslave\unity\build\Runtime/Export/Debug/Debug.bindings.h Line: 39)

Could not load reference to Verse.ThingDef named Psytrainer_Flashstorm 
(Filename: C:\buildslave\unity\build\Runtime/Export/Debug/Debug.bindings.h Line: 39)

Could not load reference to Verse.ThingDef named Psytrainer_BulletShield 
(Filename: C:\buildslave\unity\build\Runtime/Export/Debug/Debug.bindings.h Line: 39)

Could not load reference to Verse.ThingDef named Psytrainer_SolarPinhole 
(Filename: C:\buildslave\unity\build\Runtime/Export/Debug/Debug.bindings.h Line: 39)

Could not load reference to Verse.ThingDef named Psytrainer_WordOfTrust 
(Filename: C:\buildslave\unity\build\Runtime/Export/Debug/Debug.bindings.h Line: 39)

Could not load reference to Verse.ThingDef named Psytrainer_WordOfJoy 
(Filename: C:\buildslave\unity\build\Runtime/Export/Debug/Debug.bindings.h Line: 39)

Could not load reference to Verse.ThingDef named Psytrainer_WordOfLove 
(Filename: C:\buildslave\unity\build\Runtime/Export/Debug/Debug.bindings.h Line: 39)

Could not load reference to Verse.ThingDef named Psytrainer_WordOfSerenity 
(Filename: C:\buildslave\unity\build\Runtime/Export/Debug/Debug.bindings.h Line: 39)

Could not load reference to Verse.ThingDef named Psytrainer_WordOfInspiration 
(Filename: C:\buildslave\unity\build\Runtime/Export/Debug/Debug.bindings.h Line: 39)

Could not load reference to Verse.ThingDef named Psytrainer_Farskip 
(Filename: C:\buildslave\unity\build\Runtime/Export/Debug/Debug.bindings.h Line: 39)

Could not load reference to Verse.ThingDef named Psytrainer_Neuroquake 
(Filename: C:\buildslave\unity\build\Runtime/Export/Debug/Debug.bindings.h Line: 39)

Could not load reference to Verse.ThingDef named Psytrainer_Chunkskip 
(Filename: C:\buildslave\unity\build\Runtime/Export/Debug/Debug.bindings.h Line: 39)

Could not find think node with key 2134263218 
(Filename: C:\buildslave\unity\build\Runtime/Export/Debug/Debug.bindings.h Line: 39)

Could not find think node with key 2134263218 
(Filename: C:\buildslave\unity\build\Runtime/Export/Debug/Debug.bindings.h Line: 39)

Could not find think node with key -1434756267 
(Filename: C:\buildslave\unity\build\Runtime/Export/Debug/Debug.bindings.h Line: 39)

Could not find think node with key 2134263218 
(Filename: C:\buildslave\unity\build\Runtime/Export/Debug/Debug.bindings.h Line: 39)

Could not find think node with key 2134263218 
(Filename: C:\buildslave\unity\build\Runtime/Export/Debug/Debug.bindings.h Line: 39)

Could not find think node with key 2134263218 
(Filename: C:\buildslave\unity\build\Runtime/Export/Debug/Debug.bindings.h Line: 39)

Could not find think node with key 2134263218 
(Filename: C:\buildslave\unity\build\Runtime/Export/Debug/Debug.bindings.h Line: 39)

Could not find think node with key 2134263218 
(Filename: C:\buildslave\unity\build\Runtime/Export/Debug/Debug.bindings.h Line: 39)

Could not find think node with key 2134263218 
(Filename: C:\buildslave\unity\build\Runtime/Export/Debug/Debug.bindings.h Line: 39)

Could not find think node with key 2134263218 
(Filename: C:\buildslave\unity\build\Runtime/Export/Debug/Debug.bindings.h Line: 39)

Could not find think node with key 2134263218 
(Filename: C:\buildslave\unity\build\Runtime/Export/Debug/Debug.bindings.h Line: 39)

Could not find think node with key 2134263218 
(Filename: C:\buildslave\unity\build\Runtime/Export/Debug/Debug.bindings.h Line: 39)

Could not find think node with key 2134263218 
(Filename: C:\buildslave\unity\build\Runtime/Export/Debug/Debug.bindings.h Line: 39)

Could not find think node with key 2134263218 
(Filename: C:\buildslave\unity\build\Runtime/Export/Debug/Debug.bindings.h Line: 39)

Could not find think node with key 2134263218 
(Filename: C:\buildslave\unity\build\Runtime/Export/Debug/Debug.bindings.h Line: 39)

Could not find think node with key 2134263218 
(Filename: C:\buildslave\unity\build\Runtime/Export/Debug/Debug.bindings.h Line: 39)

Could not find think node with key 2134263218 
(Filename: C:\buildslave\unity\build\Runtime/Export/Debug/Debug.bindings.h Line: 39)

Could not find think node with key 2134263218 
(Filename: C:\buildslave\unity\build\Runtime/Export/Debug/Debug.bindings.h Line: 39)

Could not find think node with key -983658749 
(Filename: C:\buildslave\unity\build\Runtime/Export/Debug/Debug.bindings.h Line: 39)

Could not find think node with key -624025946 
(Filename: C:\buildslave\unity\build\Runtime/Export/Debug/Debug.bindings.h Line: 39)

Could not find think node with key -768989960 
(Filename: C:\buildslave\unity\build\Runtime/Export/Debug/Debug.bindings.h Line: 39)

[VPE] Added to existing save, adding PsyLinks.
Unloading 0 Unused Serialized files (Serialized files now loaded: 3)

Unloading 0 unused Assets to reduce memory usage. Loaded Objects now: 26628.
Total: 380.071800 ms (FindLiveObjects: 1.336100 ms CreateObjectMapping: 2.068100 ms MarkObjects: 376.620900 ms  DeleteObjects: 0.046500 ms)

